<?xml version="1.0" encoding="UTF-8"?>
<testsuite name="com.epam.mentoring.task.gradle.StringUtilsTest" tests="1" skipped="0" failures="0" errors="0" timestamp="2021-08-13T01:56:22" hostname="elijah-Inspiron-5565" time="0.05">
  <properties/>
  <testcase name="test()" classname="com.epam.mentoring.task.gradle.StringUtilsTest" time="0.05"/>
  <system-out><![CDATA[]]></system-out>
  <system-err><![CDATA[]]></system-err>
</testsuite>
